[35m[Appium][39m Available drivers:
[35m[Appium][39m   - xcuitest@4.12.1 (automationName 'XCUITest')
[35m[Appium][39m   - uiautomator2@2.9.0 (automationName 'UiAutomator2')
[35m[Appium][39m No plugins have been installed. Use the "appium plugin" command to install the one(s) you want to use.
[35m[HTTP][39m [37m-->[39m [37mPOST[39m [37m/session[39m
[35m[HTTP][39m [90m{"capabilities":{"alwaysMatch":{"platformName":"ios","appium:platformVersion":"16.1","appium:deviceName":"iPhone 14","appium:automationName":"XCUITest","appium:app":"/Users/priyankagund/Documents/appium-webdriverio/app/ios/UIKitCatalog.app","appium:autoGrantPermissions":true},"firstMatch":[{}]},"desiredCapabilities":{"platformName":"ios","appium:platformVersion":"16.1","appium:deviceName":"iPhone 14","appium:automationName":"XCUITest","appium:app":"/Users/priyankagund/Documents/appium-webdriverio/app/ios/UIKitCatalog.app","appium:autoGrantPermissions":true}}[39m
[debug] [35m[AppiumDriver@0bc9][39m Calling AppiumDriver.createSession() with args: [{"platformName":"ios","appium:platformVersion":"16.1","appium:deviceName":"iPhone 14","appium:automationName":"XCUITest","appium:app":"/Users/priyankagund/Documents/appium-webdriverio/app/ios/UIKitCatalog.app","appium:autoGrantPermissions":true},null,{"alwaysMatch":{"platformName":"ios","appium:platformVersion":"16.1","appium:deviceName":"iPhone 14","appium:automationName":"XCUITest","appium:app":"/Users/priyankagund/Documents/appium-webdriverio/app/ios/UIKitCatalog.app","appium:autoGrantPermissions":true},"firstMatch":[{}]}]
[debug] [35m[AppiumDriver@0bc9][39m Event 'newSessionRequested' logged at 1670509420408 (19:53:40 GMT+0530 (India Standard Time))
[35m[Appium][39m Attempting to find matching driver for automationName 'XCUITest' and platformName 'ios'
[35m[Appium][39m The 'xcuitest' driver was installed and matched caps.
[35m[Appium][39m Will require it at /Users/priyankagund/Documents/appium-webdriverio/node_modules/appium-xcuitest-driver
[debug] [35m[Appium][39m Requiring driver at /Users/priyankagund/Documents/appium-webdriverio/node_modules/appium-xcuitest-driver
[35m[AppiumDriver@0bc9][39m Appium v2.0.0-beta.46 creating new XCUITestDriver (v4.12.1) session
[35m[AppiumDriver@0bc9][39m Checking BaseDriver versions for Appium and XCUITestDriver
[35m[AppiumDriver@0bc9][39m Appium's BaseDriver version is 8.7.3
[35m[AppiumDriver@0bc9][39m XCUITestDriver's BaseDriver version is 8.7.3
[debug] [35m[XCUITestDriver@c87a][39m Creating session with W3C capabilities: {
[debug] [35m[XCUITestDriver@c87a][39m   "alwaysMatch": {
[debug] [35m[XCUITestDriver@c87a][39m     "platformName": "ios",
[debug] [35m[XCUITestDriver@c87a][39m     "appium:platformVersion": "16.1",
[debug] [35m[XCUITestDriver@c87a][39m     "appium:deviceName": "iPhone 14",
[debug] [35m[XCUITestDriver@c87a][39m     "appium:automationName": "XCUITest",
[debug] [35m[XCUITestDriver@c87a][39m     "appium:app": "/Users/priyankagund/Documents/appium-webdriverio/app/ios/UIKitCatalog.app",
[debug] [35m[XCUITestDriver@c87a][39m     "appium:autoGrantPermissions": true
[debug] [35m[XCUITestDriver@c87a][39m   },
[debug] [35m[XCUITestDriver@c87a][39m   "firstMatch": [
[debug] [35m[XCUITestDriver@c87a][39m     {}
[debug] [35m[XCUITestDriver@c87a][39m   ]
[debug] [35m[XCUITestDriver@c87a][39m }
[35m[XCUITestDriver@c87a][39m The following capabilities were provided, but are not recognized by Appium:
[35m[XCUITestDriver@c87a][39m   autoGrantPermissions
[35m[XCUITestDriver@c87a (1cd9791a)][39m Session created with session id: 1cd9791a-75c9-4af6-942e-6b96884e3122
[debug] [35m[XCUITest][39m Current user: 'priyankagund'
[35m[XCUITestDriver@c87a (1cd9791a)][39m iOS SDK Version set to '16.1'
[35m[iOSSim][39m Constructing iOS simulator for Xcode version 14.1 with udid '1D74530C-D4DD-47AA-B9C9-F388C66E8E87'
[35m[XCUITestDriver@c87a (1cd9791a)][39m Determining device to run tests on: udid: '1D74530C-D4DD-47AA-B9C9-F388C66E8E87', real device: false
[debug] [35m[XCUITestDriver@c87a (1cd9791a)][39m Event 'xcodeDetailsRetrieved' logged at 1670509420733 (19:53:40 GMT+0530 (India Standard Time))
[35m[BaseDriver][39m Using local app '/Users/priyankagund/Documents/appium-webdriverio/app/ios/UIKitCatalog.app'
[debug] [35m[XCUITestDriver@c87a (1cd9791a)][39m Event 'appConfigured' logged at 1670509420735 (19:53:40 GMT+0530 (India Standard Time))
[debug] [35m[XCUITest][39m Checking whether app '/Users/priyankagund/Documents/appium-webdriverio/app/ios/UIKitCatalog.app' is actually present on file system
[debug] [35m[XCUITest][39m App is present
[debug] [35m[XCUITest][39m Getting bundle ID from app '/Users/priyankagund/Documents/appium-webdriverio/app/ios/UIKitCatalog.app': 'com.example.apple-samplecode.UICatalog'
[debug] [35m[XCUITestDriver@c87a (1cd9791a)][39m Event 'resetStarted' logged at 1670509420738 (19:53:40 GMT+0530 (India Standard Time))
[debug] [35m[simctl][39m Error running 'terminate': An error was encountered processing the command (domain=NSPOSIXErrorDomain, code=3):
The operation couldn’t be completed. found nothing to terminate
found nothing to terminate
[35m[XCUITest][39m Reset: failed to terminate Simulator application with id "com.example.apple-samplecode.UICatalog"
[35m[XCUITest][39m Not scrubbing third party app in anticipation of uninstall
[debug] [35m[XCUITestDriver@c87a (1cd9791a)][39m Event 'resetComplete' logged at 1670509421074 (19:53:41 GMT+0530 (India Standard Time))
[35m[XCUITestDriver@c87a (1cd9791a)][39m Using WDA path: '/Users/priyankagund/Documents/appium-webdriverio/node_modules/appium-xcuitest-driver/node_modules/appium-webdriveragent'
[35m[XCUITestDriver@c87a (1cd9791a)][39m Using WDA agent: '/Users/priyankagund/Documents/appium-webdriverio/node_modules/appium-xcuitest-driver/node_modules/appium-webdriveragent/WebDriverAgent.xcodeproj'
[debug] [35m[IOSSimulatorLog][39m Starting log capture for iOS Simulator with udid '1D74530C-D4DD-47AA-B9C9-F388C66E8E87' using simctl
[debug] [35m[XCUITestDriver@c87a (1cd9791a)][39m Event 'logCaptureStarted' logged at 1670509421793 (19:53:41 GMT+0530 (India Standard Time))
[35m[XCUITestDriver@c87a (1cd9791a)][39m Setting up simulator
[debug] [35m[XCUITest][39m No reason to set locale
[debug] [35m[XCUITest][39m No iOS / app preferences to set
[debug] [35m[XCUITest][39m Setting did not need to be updated
[debug] [35m[iOSSim][39m Setting preferences of 1D74530C-D4DD-47AA-B9C9-F388C66E8E87 Simulator to {"ConnectHardwareKeyboard":false}
[debug] [35m[iOSSim][39m Setting common Simulator preferences to {"RotateWindowWhenSignaledByGuest":true,"StartLastDeviceOnLaunch":false,"DetachOnWindowClose":false,"AttachBootedOnStart":true,"ConnectHardwareKeyboard":false,"PasteboardAutomaticSync":false}
[debug] [35m[iOSSim][39m Updated 1D74530C-D4DD-47AA-B9C9-F388C66E8E87 Simulator preferences at '/Users/priyankagund/Library/Preferences/com.apple.iphonesimulator.plist' with {"RotateWindowWhenSignaledByGuest":true,"StartLastDeviceOnLaunch":false,"DetachOnWindowClose":false,"AttachBootedOnStart":true,"ConnectHardwareKeyboard":false,"PasteboardAutomaticSync":false,"DevicePreferences":{"1D74530C-D4DD-47AA-B9C9-F388C66E8E87":{"SimulatorExternalDisplay":2114,"ConnectHardwareKeyboard":false,"SimulatorWindowOrientation":"Portrait","SimulatorWindowGeometry":{"9C7A41EB-35AC-4E45-9639-3420DED0F897":{"WindowCenter":"{785, 586}","WindowScale":1}},"SimulatorWindowRotationAngle":0,"ChromeTint":""}}}
[debug] [35m[iOSSim][39m Got Simulator UI client PID: 98089
[35m[iOSSim][39m Both Simulator with UDID '1D74530C-D4DD-47AA-B9C9-F388C66E8E87' and the UI client are currently running
[debug] [35m[XCUITestDriver@c87a (1cd9791a)][39m Event 'simStarted' logged at 1670509422794 (19:53:42 GMT+0530 (India Standard Time))
[debug] [35m[XCUITest][39m Verifying application platform
[debug] [35m[XCUITest][39m CFBundleSupportedPlatforms: ["iPhoneSimulator"]
[debug] [35m[XCUITest][39m Reset requested. Removing app with id 'com.example.apple-samplecode.UICatalog' from the device
[debug] [35m[XCUITest][39m Installing '/Users/priyankagund/Documents/appium-webdriverio/app/ios/UIKitCatalog.app' on Simulator with UUID '1D74530C-D4DD-47AA-B9C9-F388C66E8E87'...
[debug] [35m[XCUITest][39m The app has been installed successfully.
[debug] [35m[XCUITestDriver@c87a (1cd9791a)][39m Event 'appInstalled' logged at 1670509425197 (19:53:45 GMT+0530 (India Standard Time))
[debug] [35m[XCUITestDriver@c87a (1cd9791a)][39m No obsolete cached processes from previous WDA sessions listening on port 8100 have been found
[35m[DevCon Factory][39m Requesting connection for device 1D74530C-D4DD-47AA-B9C9-F388C66E8E87 on local port 8100
[debug] [35m[DevCon Factory][39m Cached connections count: 0
[35m[DevCon Factory][39m Successfully requested the connection for 1D74530C-D4DD-47AA-B9C9-F388C66E8E87:8100
[debug] [35m[XCUITestDriver@c87a (1cd9791a)][39m Starting WebDriverAgent initialization with the synchronization key 'XCUITestDriver'
[debug] [35m[WD Proxy][39m Matched '/status' to command name 'getStatus'
[debug] [35m[WD Proxy][39m Proxying [GET /status] to [GET http://127.0.0.1:8100/status] with no body
[debug] [35m[WD Proxy][39m Got response with status 200: {"value":{"message":"WebDriverAgent is ready to accept commands","state":"success","os":{"testmanagerdVersion":28,"name":"iOS","sdkVersion":"16.1","version":"16.1"},"ios":{"simulatorVersion":"16.1","ip":"192.168.225.247"},"ready":true,"build":{"upgradedAt":"1666165076017","time":"Dec  8 2022 15:44:39","productBundleIdentifier":"com.facebook.WebDriverAgentRunner"}},"sessionId":null}
[debug] [35m[XCUITestDriver@c87a (1cd9791a)][39m Upgrade timestamp of the currently bundled WDA: 1666165076017
[debug] [35m[XCUITestDriver@c87a (1cd9791a)][39m Upgrade timestamp of the WDA on the device: 1666165076017
[35m[XCUITestDriver@c87a (1cd9791a)][39m Will reuse previously cached WDA instance at 'http://127.0.0.1:8100/' with 'com.facebook.WebDriverAgentRunner'. Set the wdaLocalPort capability to a value different from 8100 if this is an undesired behavior.
[debug] [35m[XCUITestDriver@c87a (1cd9791a)][39m Trying to start WebDriverAgent 2 times with 10000ms interval
[debug] [35m[XCUITestDriver@c87a (1cd9791a)][39m These values can be customized by changing wdaStartupRetries/wdaStartupRetryInterval capabilities
[debug] [35m[XCUITestDriver@c87a (1cd9791a)][39m Event 'wdaStartAttempted' logged at 1670509425565 (19:53:45 GMT+0530 (India Standard Time))
[35m[XCUITestDriver@c87a (1cd9791a)][39m Using provided WebdriverAgent at 'http://127.0.0.1:8100/'
[debug] [35m[WD Proxy][39m Matched '/status' to command name 'getStatus'
[debug] [35m[WD Proxy][39m Proxying [GET /status] to [GET http://127.0.0.1:8100/status] with no body
[debug] [35m[WD Proxy][39m Got response with status 200: {"value":{"message":"WebDriverAgent is ready to accept commands","state":"success","os":{"testmanagerdVersion":28,"name":"iOS","sdkVersion":"16.1","version":"16.1"},"ios":{"simulatorVersion":"16.1","ip":"192.168.225.247"},"ready":true,"build":{"upgradedAt":"1666165076017","time":"Dec  8 2022 15:44:39","productBundleIdentifier":"com.facebook.WebDriverAgentRunner"}},"sessionId":null}
[debug] [35m[XCUITestDriver@c87a (1cd9791a)][39m Event 'wdaSessionAttempted' logged at 1670509425569 (19:53:45 GMT+0530 (India Standard Time))
[debug] [35m[XCUITestDriver@c87a (1cd9791a)][39m Sending createSession command to WDA
[debug] [35m[XCUITestDriver@c87a (1cd9791a)][39m Matched '/session' to command name 'createSession'
[debug] [35m[XCUITestDriver@c87a (1cd9791a)][39m Proxying [POST /session] to [POST http://127.0.0.1:8100/session] with body: {"capabilities":{"firstMatch":[{"bundleId":"com.example.apple-samplecode.UICatalog","arguments":[],"environment":{},"eventloopIdleDelaySec":0,"shouldWaitForQuiescence":true,"shouldUseTestManagerForVisibilityDetection":false,"maxTypingFrequency":60,"shouldUseSingletonTestManager":true,"shouldTerminateApp":true,"forceAppLaunch":true,"useNativeCachingStrategy":true,"forceSimulatorSoftwareKeyboardPresence":true}],"alwaysMatch":{}}}
[debug] [35m[XCUITestDriver@c87a (1cd9791a)][39m Parsed BUILD_DIR configuration value: '/Users/priyankagund/Library/Developer/Xcode/DerivedData/WebDriverAgent-dnjueucjoqzetahjjvrbfnjcepeo/Build/Products'
[debug] [35m[XCUITestDriver@c87a (1cd9791a)][39m Got derived data root: '/Users/priyankagund/Library/Developer/Xcode/DerivedData/WebDriverAgent-dnjueucjoqzetahjjvrbfnjcepeo'
[debug] [35m[XCUITestDriver@c87a (1cd9791a)][39m Got response with status 200: {"value":{"sessionId":"69CAE354-E066-43A2-84CB-DFB1FB67259E","capabilities":{"device":"iphone","browserName":"UIKitCatalog","sdkVersion":"16.1","CFBundleIdentifier":"com.example.apple-samplecode.UICatalog"}},"sessionId":"69CAE354-E066-43A2-84CB-DFB1FB67259E"}
[35m[XCUITestDriver@c87a (1cd9791a)][39m Determined the downstream protocol as 'W3C'
[debug] [35m[XCUITestDriver@c87a (1cd9791a)][39m Event 'wdaSessionStarted' logged at 1670509428480 (19:53:48 GMT+0530 (India Standard Time))
[debug] [35m[XCUITestDriver@c87a (1cd9791a)][39m Event 'wdaStarted' logged at 1670509428480 (19:53:48 GMT+0530 (India Standard Time))
[35m[XCUITestDriver@c87a (1cd9791a)][39m Skipping setting of the initial display orientation. Set the "orientation" capability to either "LANDSCAPE" or "PORTRAIT", if this is an undesired behavior.
[debug] [35m[XCUITestDriver@c87a (1cd9791a)][39m Event 'orientationSet' logged at 1670509428480 (19:53:48 GMT+0530 (India Standard Time))
[debug] [35m[BaseDriver][39m The value of 'elementResponseAttributes' setting did not change. Skipping the update for it
[debug] [35m[BaseDriver][39m The value of 'shouldUseCompactResponses' setting did not change. Skipping the update for it
[35m[AppiumDriver@0bc9][39m New XCUITestDriver session created successfully, session 1cd9791a-75c9-4af6-942e-6b96884e3122 added to master session list
[debug] [35m[AppiumDriver@0bc9][39m Event 'newSessionStarted' logged at 1670509428482 (19:53:48 GMT+0530 (India Standard Time))
[debug] [35m[XCUITestDriver@c87a (1cd9791a)][39m Cached the protocol value 'W3C' for the new session 1cd9791a-75c9-4af6-942e-6b96884e3122
[debug] [35m[XCUITestDriver@c87a (1cd9791a)][39m Responding to client with driver.createSession() result: {"capabilities":{"webStorageEnabled":false,"locationContextEnabled":false,"browserName":"","platform":"MAC","javascriptEnabled":true,"databaseEnabled":false,"takesScreenshot":true,"networkConnectionEnabled":false,"platformName":"ios","platformVersion":"16.1","deviceName":"iPhone 14","automationName":"XCUITest","app":"/Users/priyankagund/Documents/appium-webdriverio/app/ios/UIKitCatalog.app","autoGrantPermissions":true,"udid":"1D74530C-D4DD-47AA-B9C9-F388C66E8E87"}}
[35m[HTTP][39m [37m<-- POST /session [39m[32m200[39m [90m8081 ms - 530[39m
[35m[HTTP][39m [90m[39m
[35m[HTTP][39m [37m-->[39m [37mPOST[39m [37m/session/1cd9791a-75c9-4af6-942e-6b96884e3122/element[39m
[35m[HTTP][39m [90m{"using":"accessibility id","value":"Search"}[39m
[debug] [35m[XCUITestDriver@c87a (1cd9791a)][39m Calling AppiumDriver.findElement() with args: ["accessibility id","Search","1cd9791a-75c9-4af6-942e-6b96884e3122"]
[debug] [35m[XCUITestDriver@c87a (1cd9791a)][39m Executing command 'findElement'
[debug] [35m[XCUITestDriver@c87a (1cd9791a)][39m Valid locator strategies for this request: xpath, id, name, class name, -ios predicate string, -ios class chain, accessibility id, css selector
[debug] [35m[XCUITestDriver@c87a (1cd9791a)][39m Waiting up to 0 ms for condition
[debug] [35m[XCUITestDriver@c87a (1cd9791a)][39m Matched '/element' to command name 'findElement'
[debug] [35m[XCUITestDriver@c87a (1cd9791a)][39m Proxying [POST /element] to [POST http://127.0.0.1:8100/session/69CAE354-E066-43A2-84CB-DFB1FB67259E/element] with body: {"using":"accessibility id","value":"Search"}
[debug] [35m[XCUITestDriver@c87a (1cd9791a)][39m Got response with status 200: {"value":{"ELEMENT":"54000000-0000-0000-6D3C-000000000000","element-6066-11e4-a52e-4f735466cecf":"54000000-0000-0000-6D3C-000000000000"},"sessionId":"69CAE354-E066-43A2-84CB-DFB1FB67259E"}
[debug] [35m[XCUITestDriver@c87a (1cd9791a)][39m Responding to client with driver.findElement() result: {"element-6066-11e4-a52e-4f735466cecf":"54000000-0000-0000-6D3C-000000000000","ELEMENT":"54000000-0000-0000-6D3C-000000000000"}
[35m[HTTP][39m [37m<-- POST /session/1cd9791a-75c9-4af6-942e-6b96884e3122/element [39m[32m200[39m [90m337 ms - 137[39m
[35m[HTTP][39m [90m[39m
[35m[HTTP][39m [37m-->[39m [37mPOST[39m [37m/session/1cd9791a-75c9-4af6-942e-6b96884e3122/element/54000000-0000-0000-6D3C-000000000000/click[39m
[35m[HTTP][39m [90m{}[39m
[35m[XCUITestDriver@c87a (1cd9791a)][39m Driver proxy active, passing request on via HTTP proxy
[debug] [35m[XCUITestDriver@c87a (1cd9791a)][39m Executing command 'proxyReqRes'
[debug] [35m[XCUITestDriver@c87a (1cd9791a)][39m Matched '/session/1cd9791a-75c9-4af6-942e-6b96884e3122/element/54000000-0000-0000-6D3C-000000000000/click' to command name 'click'
[debug] [35m[XCUITestDriver@c87a (1cd9791a)][39m Proxying [POST /session/1cd9791a-75c9-4af6-942e-6b96884e3122/element/54000000-0000-0000-6D3C-000000000000/click] to [POST http://127.0.0.1:8100/session/69CAE354-E066-43A2-84CB-DFB1FB67259E/element/54000000-0000-0000-6D3C-000000000000/click] with body: {}
[debug] [35m[XCUITestDriver@c87a (1cd9791a)][39m Got response with status 200: {"value":null,"sessionId":"69CAE354-E066-43A2-84CB-DFB1FB67259E"}
[35m[XCUITestDriver@c87a (1cd9791a)][39m Replacing sessionId 69CAE354-E066-43A2-84CB-DFB1FB67259E with 1cd9791a-75c9-4af6-942e-6b96884e3122
[35m[HTTP][39m [37m<-- POST /session/1cd9791a-75c9-4af6-942e-6b96884e3122/element/54000000-0000-0000-6D3C-000000000000/click [39m[32m200[39m [90m940 ms - 65[39m
[35m[HTTP][39m [90m[39m
[35m[HTTP][39m [37m-->[39m [37mPOST[39m [37m/session/1cd9791a-75c9-4af6-942e-6b96884e3122/element[39m
[35m[HTTP][39m [90m{"using":"accessibility id","value":"Default"}[39m
[debug] [35m[XCUITestDriver@c87a (1cd9791a)][39m Calling AppiumDriver.findElement() with args: ["accessibility id","Default","1cd9791a-75c9-4af6-942e-6b96884e3122"]
[debug] [35m[XCUITestDriver@c87a (1cd9791a)][39m Executing command 'findElement'
[debug] [35m[XCUITestDriver@c87a (1cd9791a)][39m Valid locator strategies for this request: xpath, id, name, class name, -ios predicate string, -ios class chain, accessibility id, css selector
[debug] [35m[XCUITestDriver@c87a (1cd9791a)][39m Waiting up to 0 ms for condition
[debug] [35m[XCUITestDriver@c87a (1cd9791a)][39m Matched '/element' to command name 'findElement'
[debug] [35m[XCUITestDriver@c87a (1cd9791a)][39m Proxying [POST /element] to [POST http://127.0.0.1:8100/session/69CAE354-E066-43A2-84CB-DFB1FB67259E/element] with body: {"using":"accessibility id","value":"Default"}
[debug] [35m[XCUITestDriver@c87a (1cd9791a)][39m Got response with status 200: {"value":{"ELEMENT":"AA000000-0000-0000-6D3C-000000000000","element-6066-11e4-a52e-4f735466cecf":"AA000000-0000-0000-6D3C-000000000000"},"sessionId":"69CAE354-E066-43A2-84CB-DFB1FB67259E"}
[debug] [35m[XCUITestDriver@c87a (1cd9791a)][39m Responding to client with driver.findElement() result: {"element-6066-11e4-a52e-4f735466cecf":"AA000000-0000-0000-6D3C-000000000000","ELEMENT":"AA000000-0000-0000-6D3C-000000000000"}
[35m[HTTP][39m [37m<-- POST /session/1cd9791a-75c9-4af6-942e-6b96884e3122/element [39m[32m200[39m [90m122 ms - 137[39m
[35m[HTTP][39m [90m[39m
[35m[HTTP][39m [37m-->[39m [37mPOST[39m [37m/session/1cd9791a-75c9-4af6-942e-6b96884e3122/element/AA000000-0000-0000-6D3C-000000000000/click[39m
[35m[HTTP][39m [90m{}[39m
[35m[XCUITestDriver@c87a (1cd9791a)][39m Driver proxy active, passing request on via HTTP proxy
[debug] [35m[XCUITestDriver@c87a (1cd9791a)][39m Executing command 'proxyReqRes'
[debug] [35m[XCUITestDriver@c87a (1cd9791a)][39m Matched '/session/1cd9791a-75c9-4af6-942e-6b96884e3122/element/AA000000-0000-0000-6D3C-000000000000/click' to command name 'click'
[debug] [35m[XCUITestDriver@c87a (1cd9791a)][39m Proxying [POST /session/1cd9791a-75c9-4af6-942e-6b96884e3122/element/AA000000-0000-0000-6D3C-000000000000/click] to [POST http://127.0.0.1:8100/session/69CAE354-E066-43A2-84CB-DFB1FB67259E/element/AA000000-0000-0000-6D3C-000000000000/click] with body: {}
[debug] [35m[XCUITestDriver@c87a (1cd9791a)][39m Got response with status 200: {"value":null,"sessionId":"69CAE354-E066-43A2-84CB-DFB1FB67259E"}
[35m[XCUITestDriver@c87a (1cd9791a)][39m Replacing sessionId 69CAE354-E066-43A2-84CB-DFB1FB67259E with 1cd9791a-75c9-4af6-942e-6b96884e3122
[35m[HTTP][39m [37m<-- POST /session/1cd9791a-75c9-4af6-942e-6b96884e3122/element/AA000000-0000-0000-6D3C-000000000000/click [39m[32m200[39m [90m734 ms - 65[39m
[35m[HTTP][39m [90m[39m
[35m[HTTP][39m [37m-->[39m [37mPOST[39m [37m/session/1cd9791a-75c9-4af6-942e-6b96884e3122/element[39m
[35m[HTTP][39m [90m{"using":"xpath","value":"//XCUIElementTypeSearchField"}[39m
[debug] [35m[XCUITestDriver@c87a (1cd9791a)][39m Calling AppiumDriver.findElement() with args: ["xpath","//XCUIElementTypeSearchField","1cd9791a-75c9-4af6-942e-6b96884e3122"]
[debug] [35m[XCUITestDriver@c87a (1cd9791a)][39m Executing command 'findElement'
[debug] [35m[XCUITestDriver@c87a (1cd9791a)][39m Valid locator strategies for this request: xpath, id, name, class name, -ios predicate string, -ios class chain, accessibility id, css selector
[debug] [35m[XCUITestDriver@c87a (1cd9791a)][39m Waiting up to 0 ms for condition
[debug] [35m[XCUITestDriver@c87a (1cd9791a)][39m Matched '/element' to command name 'findElement'
[debug] [35m[XCUITestDriver@c87a (1cd9791a)][39m Proxying [POST /element] to [POST http://127.0.0.1:8100/session/69CAE354-E066-43A2-84CB-DFB1FB67259E/element] with body: {"using":"xpath","value":"//XCUIElementTypeSearchField"}
[debug] [35m[XCUITestDriver@c87a (1cd9791a)][39m Got response with status 200: {"value":{"ELEMENT":"BE000000-0000-0000-6D3C-000000000000","element-6066-11e4-a52e-4f735466cecf":"BE000000-0000-0000-6D3C-000000000000"},"sessionId":"69CAE354-E066-43A2-84CB-DFB1FB67259E"}
[debug] [35m[XCUITestDriver@c87a (1cd9791a)][39m Responding to client with driver.findElement() result: {"element-6066-11e4-a52e-4f735466cecf":"BE000000-0000-0000-6D3C-000000000000","ELEMENT":"BE000000-0000-0000-6D3C-000000000000"}
[35m[HTTP][39m [37m<-- POST /session/1cd9791a-75c9-4af6-942e-6b96884e3122/element [39m[32m200[39m [90m136 ms - 137[39m
[35m[HTTP][39m [90m[39m
[35m[HTTP][39m [37m-->[39m [37mPOST[39m [37m/session/1cd9791a-75c9-4af6-942e-6b96884e3122/element/BE000000-0000-0000-6D3C-000000000000/value[39m
[35m[HTTP][39m [90m{"text":"I love this cource"}[39m
[debug] [35m[XCUITestDriver@c87a (1cd9791a)][39m Calling AppiumDriver.setValue() with args: ["I love this cource","BE000000-0000-0000-6D3C-000000000000","1cd9791a-75c9-4af6-942e-6b96884e3122"]
[debug] [35m[XCUITestDriver@c87a (1cd9791a)][39m Executing command 'setValue'
[debug] [35m[XCUITestDriver@c87a (1cd9791a)][39m Matched '/element/BE000000-0000-0000-6D3C-000000000000/value' to command name 'setValue'
[debug] [35m[XCUITestDriver@c87a (1cd9791a)][39m Added 'text' property "I love this cource" to 'setValue' request body
[debug] [35m[XCUITestDriver@c87a (1cd9791a)][39m Proxying [POST /element/BE000000-0000-0000-6D3C-000000000000/value] to [POST http://127.0.0.1:8100/session/69CAE354-E066-43A2-84CB-DFB1FB67259E/element/BE000000-0000-0000-6D3C-000000000000/value] with body: {"value":["I"," ","l","o","v","e"," ","t","h","i","s"," ","c","o","u","r","c","e"],"text":"I love this cource"}
[debug] [35m[XCUITestDriver@c87a (1cd9791a)][39m Got response with status 200: {"value":null,"sessionId":"69CAE354-E066-43A2-84CB-DFB1FB67259E"}
[debug] [35m[XCUITestDriver@c87a (1cd9791a)][39m Responding to client with driver.setValue() result: null
[35m[HTTP][39m [37m<-- POST /session/1cd9791a-75c9-4af6-942e-6b96884e3122/element/BE000000-0000-0000-6D3C-000000000000/value [39m[32m200[39m [90m1451 ms - 14[39m
[35m[HTTP][39m [90m[39m
[35m[HTTP][39m [37m-->[39m [37mPOST[39m [37m/session/1cd9791a-75c9-4af6-942e-6b96884e3122/element[39m
[35m[HTTP][39m [90m{"using":"xpath","value":"//XCUIElementTypeSearchField"}[39m
[debug] [35m[XCUITestDriver@c87a (1cd9791a)][39m Calling AppiumDriver.findElement() with args: ["xpath","//XCUIElementTypeSearchField","1cd9791a-75c9-4af6-942e-6b96884e3122"]
[debug] [35m[XCUITestDriver@c87a (1cd9791a)][39m Executing command 'findElement'
[debug] [35m[XCUITestDriver@c87a (1cd9791a)][39m Valid locator strategies for this request: xpath, id, name, class name, -ios predicate string, -ios class chain, accessibility id, css selector
[debug] [35m[XCUITestDriver@c87a (1cd9791a)][39m Waiting up to 0 ms for condition
[debug] [35m[XCUITestDriver@c87a (1cd9791a)][39m Matched '/element' to command name 'findElement'
[debug] [35m[XCUITestDriver@c87a (1cd9791a)][39m Proxying [POST /element] to [POST http://127.0.0.1:8100/session/69CAE354-E066-43A2-84CB-DFB1FB67259E/element] with body: {"using":"xpath","value":"//XCUIElementTypeSearchField"}
[debug] [35m[XCUITestDriver@c87a (1cd9791a)][39m Got response with status 200: {"value":{"ELEMENT":"BE000000-0000-0000-6D3C-000000000000","element-6066-11e4-a52e-4f735466cecf":"BE000000-0000-0000-6D3C-000000000000"},"sessionId":"69CAE354-E066-43A2-84CB-DFB1FB67259E"}
[debug] [35m[XCUITestDriver@c87a (1cd9791a)][39m Responding to client with driver.findElement() result: {"element-6066-11e4-a52e-4f735466cecf":"BE000000-0000-0000-6D3C-000000000000","ELEMENT":"BE000000-0000-0000-6D3C-000000000000"}
[35m[HTTP][39m [37m<-- POST /session/1cd9791a-75c9-4af6-942e-6b96884e3122/element [39m[32m200[39m [90m276 ms - 137[39m
[35m[HTTP][39m [90m[39m
[35m[HTTP][39m [37m-->[39m [37mGET[39m [37m/session/1cd9791a-75c9-4af6-942e-6b96884e3122/element/BE000000-0000-0000-6D3C-000000000000/attribute/value[39m
[35m[HTTP][39m [90m{}[39m
[debug] [35m[XCUITestDriver@c87a (1cd9791a)][39m Calling AppiumDriver.getAttribute() with args: ["value","BE000000-0000-0000-6D3C-000000000000","1cd9791a-75c9-4af6-942e-6b96884e3122"]
[debug] [35m[XCUITestDriver@c87a (1cd9791a)][39m Executing command 'getAttribute'
[debug] [35m[XCUITestDriver@c87a (1cd9791a)][39m Matched '/element/BE000000-0000-0000-6D3C-000000000000/attribute/value' to command name 'getAttribute'
[debug] [35m[XCUITestDriver@c87a (1cd9791a)][39m Proxying [GET /element/BE000000-0000-0000-6D3C-000000000000/attribute/value] to [GET http://127.0.0.1:8100/session/69CAE354-E066-43A2-84CB-DFB1FB67259E/element/BE000000-0000-0000-6D3C-000000000000/attribute/value] with no body
[debug] [35m[XCUITestDriver@c87a (1cd9791a)][39m Got response with status 200: {"value":"I love this cource","sessionId":"69CAE354-E066-43A2-84CB-DFB1FB67259E"}
[debug] [35m[XCUITestDriver@c87a (1cd9791a)][39m Responding to client with driver.getAttribute() result: "I love this cource"
[35m[HTTP][39m [37m<-- GET /session/1cd9791a-75c9-4af6-942e-6b96884e3122/element/BE000000-0000-0000-6D3C-000000000000/attribute/value [39m[32m200[39m [90m77 ms - 30[39m
[35m[HTTP][39m [90m[39m
[35m[HTTP][39m [37m-->[39m [37mPOST[39m [37m/session/1cd9791a-75c9-4af6-942e-6b96884e3122/element[39m
[35m[HTTP][39m [90m{"using":"accessibility id","value":"Clear text"}[39m
[debug] [35m[XCUITestDriver@c87a (1cd9791a)][39m Calling AppiumDriver.findElement() with args: ["accessibility id","Clear text","1cd9791a-75c9-4af6-942e-6b96884e3122"]
[debug] [35m[XCUITestDriver@c87a (1cd9791a)][39m Executing command 'findElement'
[debug] [35m[XCUITestDriver@c87a (1cd9791a)][39m Valid locator strategies for this request: xpath, id, name, class name, -ios predicate string, -ios class chain, accessibility id, css selector
[debug] [35m[XCUITestDriver@c87a (1cd9791a)][39m Waiting up to 0 ms for condition
[debug] [35m[XCUITestDriver@c87a (1cd9791a)][39m Matched '/element' to command name 'findElement'
[debug] [35m[XCUITestDriver@c87a (1cd9791a)][39m Proxying [POST /element] to [POST http://127.0.0.1:8100/session/69CAE354-E066-43A2-84CB-DFB1FB67259E/element] with body: {"using":"accessibility id","value":"Clear text"}
[debug] [35m[XCUITestDriver@c87a (1cd9791a)][39m Got response with status 200: {"value":{"ELEMENT":"FA000000-0000-0000-6D3C-000000000000","element-6066-11e4-a52e-4f735466cecf":"FA000000-0000-0000-6D3C-000000000000"},"sessionId":"69CAE354-E066-43A2-84CB-DFB1FB67259E"}
[debug] [35m[XCUITestDriver@c87a (1cd9791a)][39m Responding to client with driver.findElement() result: {"element-6066-11e4-a52e-4f735466cecf":"FA000000-0000-0000-6D3C-000000000000","ELEMENT":"FA000000-0000-0000-6D3C-000000000000"}
[35m[HTTP][39m [37m<-- POST /session/1cd9791a-75c9-4af6-942e-6b96884e3122/element [39m[32m200[39m [90m146 ms - 137[39m
[35m[HTTP][39m [90m[39m
[35m[HTTP][39m [37m-->[39m [37mPOST[39m [37m/session/1cd9791a-75c9-4af6-942e-6b96884e3122/element/FA000000-0000-0000-6D3C-000000000000/click[39m
[35m[HTTP][39m [90m{}[39m
[35m[XCUITestDriver@c87a (1cd9791a)][39m Driver proxy active, passing request on via HTTP proxy
[debug] [35m[XCUITestDriver@c87a (1cd9791a)][39m Executing command 'proxyReqRes'
[debug] [35m[XCUITestDriver@c87a (1cd9791a)][39m Matched '/session/1cd9791a-75c9-4af6-942e-6b96884e3122/element/FA000000-0000-0000-6D3C-000000000000/click' to command name 'click'
[debug] [35m[XCUITestDriver@c87a (1cd9791a)][39m Proxying [POST /session/1cd9791a-75c9-4af6-942e-6b96884e3122/element/FA000000-0000-0000-6D3C-000000000000/click] to [POST http://127.0.0.1:8100/session/69CAE354-E066-43A2-84CB-DFB1FB67259E/element/FA000000-0000-0000-6D3C-000000000000/click] with body: {}
[debug] [35m[XCUITestDriver@c87a (1cd9791a)][39m Got response with status 200: {"value":null,"sessionId":"69CAE354-E066-43A2-84CB-DFB1FB67259E"}
[35m[XCUITestDriver@c87a (1cd9791a)][39m Replacing sessionId 69CAE354-E066-43A2-84CB-DFB1FB67259E with 1cd9791a-75c9-4af6-942e-6b96884e3122
[35m[HTTP][39m [37m<-- POST /session/1cd9791a-75c9-4af6-942e-6b96884e3122/element/FA000000-0000-0000-6D3C-000000000000/click [39m[32m200[39m [90m438 ms - 65[39m
[35m[HTTP][39m [90m[39m
[35m[HTTP][39m [37m-->[39m [37mPOST[39m [37m/session/1cd9791a-75c9-4af6-942e-6b96884e3122/element[39m
[35m[HTTP][39m [90m{"using":"xpath","value":"//XCUIElementTypeSearchField"}[39m
[debug] [35m[XCUITestDriver@c87a (1cd9791a)][39m Calling AppiumDriver.findElement() with args: ["xpath","//XCUIElementTypeSearchField","1cd9791a-75c9-4af6-942e-6b96884e3122"]
[debug] [35m[XCUITestDriver@c87a (1cd9791a)][39m Executing command 'findElement'
[debug] [35m[XCUITestDriver@c87a (1cd9791a)][39m Valid locator strategies for this request: xpath, id, name, class name, -ios predicate string, -ios class chain, accessibility id, css selector
[debug] [35m[XCUITestDriver@c87a (1cd9791a)][39m Waiting up to 0 ms for condition
[debug] [35m[XCUITestDriver@c87a (1cd9791a)][39m Matched '/element' to command name 'findElement'
[debug] [35m[XCUITestDriver@c87a (1cd9791a)][39m Proxying [POST /element] to [POST http://127.0.0.1:8100/session/69CAE354-E066-43A2-84CB-DFB1FB67259E/element] with body: {"using":"xpath","value":"//XCUIElementTypeSearchField"}
[debug] [35m[XCUITestDriver@c87a (1cd9791a)][39m Got response with status 200: {"value":{"ELEMENT":"BE000000-0000-0000-6D3C-000000000000","element-6066-11e4-a52e-4f735466cecf":"BE000000-0000-0000-6D3C-000000000000"},"sessionId":"69CAE354-E066-43A2-84CB-DFB1FB67259E"}
[debug] [35m[XCUITestDriver@c87a (1cd9791a)][39m Responding to client with driver.findElement() result: {"element-6066-11e4-a52e-4f735466cecf":"BE000000-0000-0000-6D3C-000000000000","ELEMENT":"BE000000-0000-0000-6D3C-000000000000"}
[35m[HTTP][39m [37m<-- POST /session/1cd9791a-75c9-4af6-942e-6b96884e3122/element [39m[32m200[39m [90m261 ms - 137[39m
[35m[HTTP][39m [90m[39m
[35m[HTTP][39m [37m-->[39m [37mGET[39m [37m/session/1cd9791a-75c9-4af6-942e-6b96884e3122/element/BE000000-0000-0000-6D3C-000000000000/attribute/value[39m
[35m[HTTP][39m [90m{}[39m
[debug] [35m[XCUITestDriver@c87a (1cd9791a)][39m Calling AppiumDriver.getAttribute() with args: ["value","BE000000-0000-0000-6D3C-000000000000","1cd9791a-75c9-4af6-942e-6b96884e3122"]
[debug] [35m[XCUITestDriver@c87a (1cd9791a)][39m Executing command 'getAttribute'
[debug] [35m[XCUITestDriver@c87a (1cd9791a)][39m Matched '/element/BE000000-0000-0000-6D3C-000000000000/attribute/value' to command name 'getAttribute'
[debug] [35m[XCUITestDriver@c87a (1cd9791a)][39m Proxying [GET /element/BE000000-0000-0000-6D3C-000000000000/attribute/value] to [GET http://127.0.0.1:8100/session/69CAE354-E066-43A2-84CB-DFB1FB67259E/element/BE000000-0000-0000-6D3C-000000000000/attribute/value] with no body
[debug] [35m[XCUITestDriver@c87a (1cd9791a)][39m Got response with status 200: {"value":null,"sessionId":"69CAE354-E066-43A2-84CB-DFB1FB67259E"}
[debug] [35m[XCUITestDriver@c87a (1cd9791a)][39m Responding to client with driver.getAttribute() result: null
[35m[HTTP][39m [37m<-- GET /session/1cd9791a-75c9-4af6-942e-6b96884e3122/element/BE000000-0000-0000-6D3C-000000000000/attribute/value [39m[32m200[39m [90m77 ms - 14[39m
[35m[HTTP][39m [90m[39m
[35m[HTTP][39m [37m-->[39m [37mDELETE[39m [37m/session/1cd9791a-75c9-4af6-942e-6b96884e3122[39m
[35m[HTTP][39m [90m{}[39m
[debug] [35m[XCUITestDriver@c87a (1cd9791a)][39m Calling AppiumDriver.deleteSession() with args: ["1cd9791a-75c9-4af6-942e-6b96884e3122"]
[debug] [35m[AppiumDriver@0bc9][39m Event 'quitSessionRequested' logged at 1670509433569 (19:53:53 GMT+0530 (India Standard Time))
[35m[AppiumDriver@0bc9][39m Removing session 1cd9791a-75c9-4af6-942e-6b96884e3122 from our master session list
[debug] [35m[XCUITestDriver@c87a (1cd9791a)][39m Matched '/session/1cd9791a-75c9-4af6-942e-6b96884e3122' to command name 'deleteSession'
[debug] [35m[XCUITestDriver@c87a (1cd9791a)][39m Proxying [DELETE /session/1cd9791a-75c9-4af6-942e-6b96884e3122] to [DELETE http://127.0.0.1:8100/session/69CAE354-E066-43A2-84CB-DFB1FB67259E] with no body
[debug] [35m[XCUITestDriver@c87a (1cd9791a)][39m Got response with status 200: {"value":null,"sessionId":null}
[35m[DevCon Factory][39m Releasing connections for 1D74530C-D4DD-47AA-B9C9-F388C66E8E87 device on any port number
[35m[DevCon Factory][39m Found cached connections to release: ["1D74530C-D4DD-47AA-B9C9-F388C66E8E87:8100"]
[debug] [35m[DevCon Factory][39m Cached connections count: 0
[debug] [35m[XCUITestDriver@c87a (1cd9791a)][39m Not clearing log files. Use `clearSystemFiles` capability to turn on.
[debug] [35m[IOSSimulatorLog][39m Stopping iOS log capture
[debug] [35m[AppiumDriver@0bc9][39m Event 'quitSessionFinished' logged at 1670509434626 (19:53:54 GMT+0530 (India Standard Time))
[debug] [35m[AppiumDriver@0bc9][39m Received response: null
[debug] [35m[AppiumDriver@0bc9][39m But deleting session, so not returning
[debug] [35m[AppiumDriver@0bc9][39m Responding to client with driver.deleteSession() result: null
[35m[HTTP][39m [37m<-- DELETE /session/1cd9791a-75c9-4af6-942e-6b96884e3122 [39m[32m200[39m [90m1057 ms - 14[39m
[35m[HTTP][39m [90m[39m
[35m[Appium][39m Received SIGTERM - shutting down
[debug] [35m[AppiumDriver@0bc9][39m There are no active sessions for cleanup
[35m[HTTP][39m Waiting until the server is closed
[35m[HTTP][39m Received server close event
